Performing C SOURCE FILE Test CMAKE_HAVE_LIBC_PTHREAD failed with the following output:
Change Dir: /home/deznic/projects/Practice1/build/CMakeFiles/CMakeScratch/TryCompile-7XvC6o

Run Build Command(s):/usr/bin/make -f Makefile cmTC_6b64e/fast && make[1]: Entering directory '/home/deznic/projects/Practice1/build/CMakeFiles/CMakeScratch/TryCompile-7XvC6o'
/usr/bin/make  -f CMakeFiles/cmTC_6b64e.dir/build.make CMakeFiles/cmTC_6b64e.dir/build
make[2]: Entering directory '/home/deznic/projects/Practice1/build/CMakeFiles/CMakeScratch/TryCompile-7XvC6o'
Building C object CMakeFiles/cmTC_6b64e.dir/src.c.o
/usr/bin/cc -DCMAKE_HAVE_LIBC_PTHREAD   -o CMakeFiles/cmTC_6b64e.dir/src.c.o -c /home/deznic/projects/Practice1/build/CMakeFiles/CMakeScratch/TryCompile-7XvC6o/src.c
Linking C executable cmTC_6b64e
/usr/local/bin/cmake -E cmake_link_script CMakeFiles/cmTC_6b64e.dir/link.txt --verbose=1
/usr/bin/cc -rdynamic CMakeFiles/cmTC_6b64e.dir/src.c.o -o cmTC_6b64e 
/usr/bin/ld: CMakeFiles/cmTC_6b64e.dir/src.c.o: in function `main':
src.c:(.text+0x46): undefined reference to `pthread_create'
/usr/bin/ld: src.c:(.text+0x52): undefined reference to `pthread_detach'
/usr/bin/ld: src.c:(.text+0x5e): undefined reference to `pthread_cancel'
/usr/bin/ld: src.c:(.text+0x6f): undefined reference to `pthread_join'
collect2: error: ld returned 1 exit status
make[2]: *** [CMakeFiles/cmTC_6b64e.dir/build.make:99: cmTC_6b64e] Error 1
make[2]: Leaving directory '/home/deznic/projects/Practice1/build/CMakeFiles/CMakeScratch/TryCompile-7XvC6o'
make[1]: *** [Makefile:127: cmTC_6b64e/fast] Error 2
make[1]: Leaving directory '/home/deznic/projects/Practice1/build/CMakeFiles/CMakeScratch/TryCompile-7XvC6o'


Source file was:
#include <pthread.h>

static void* test_func(void* data)
{
  return data;
}

int main(void)
{
  pthread_t thread;
  pthread_create(&thread, NULL, test_func, NULL);
  pthread_detach(thread);
  pthread_cancel(thread);
  pthread_join(thread, NULL);
  pthread_atfork(NULL, NULL, NULL);
  pthread_exit(NULL);

  return 0;
}


Determining if the function pthread_create exists in the pthreads failed with the following output:
Change Dir: /home/deznic/projects/Practice1/build/CMakeFiles/CMakeScratch/TryCompile-M2sfPo

Run Build Command(s):/usr/bin/make -f Makefile cmTC_43ebd/fast && make[1]: Entering directory '/home/deznic/projects/Practice1/build/CMakeFiles/CMakeScratch/TryCompile-M2sfPo'
/usr/bin/make  -f CMakeFiles/cmTC_43ebd.dir/build.make CMakeFiles/cmTC_43ebd.dir/build
make[2]: Entering directory '/home/deznic/projects/Practice1/build/CMakeFiles/CMakeScratch/TryCompile-M2sfPo'
Building C object CMakeFiles/cmTC_43ebd.dir/CheckFunctionExists.c.o
/usr/bin/cc   -DCHECK_FUNCTION_EXISTS=pthread_create -o CMakeFiles/cmTC_43ebd.dir/CheckFunctionExists.c.o -c /home/deznic/projects/Practice1/build/CMakeFiles/CMakeScratch/TryCompile-M2sfPo/CheckFunctionExists.c
Linking C executable cmTC_43ebd
/usr/local/bin/cmake -E cmake_link_script CMakeFiles/cmTC_43ebd.dir/link.txt --verbose=1
/usr/bin/cc  -DCHECK_FUNCTION_EXISTS=pthread_create -rdynamic CMakeFiles/cmTC_43ebd.dir/CheckFunctionExists.c.o -o cmTC_43ebd  -lpthreads 
/usr/bin/ld: cannot find -lpthreads
collect2: error: ld returned 1 exit status
make[2]: *** [CMakeFiles/cmTC_43ebd.dir/build.make:99: cmTC_43ebd] Error 1
make[2]: Leaving directory '/home/deznic/projects/Practice1/build/CMakeFiles/CMakeScratch/TryCompile-M2sfPo'
make[1]: *** [Makefile:127: cmTC_43ebd/fast] Error 2
make[1]: Leaving directory '/home/deznic/projects/Practice1/build/CMakeFiles/CMakeScratch/TryCompile-M2sfPo'



